STAGE:2024-07-10 12:32:31 3738390:3738390 ActivityProfilerController.cpp:294] Completed Stage: Warm Up
loading train_dir
loaded dataset
split data
running AudioUtil
running AudioDataset
running ConvAutoencoder
running TotalLoss
loading train and test data
finished loading
starting training
  0%|          | 0/235 [00:00<?, ?it/s]  0%|          | 0/235 [00:05<?, ?it/s]
STAGE:2024-07-10 12:32:36 3738390:3738390 ActivityProfilerController.cpp:300] Completed Stage: Collection
-------------------------------------------------------  ------------  ------------  ------------  ------------  ------------  ------------  ------------  ------------  ------------  ------------  
                                                   Name    Self CPU %      Self CPU   CPU total %     CPU total  CPU time avg     Self CUDA   Self CUDA %    CUDA total  CUDA time avg    # of Calls  
-------------------------------------------------------  ------------  ------------  ------------  ------------  ------------  ------------  ------------  ------------  ------------  ------------  
autograd::engine::evaluate_function: ConvolutionBack...         0.00%     195.000us        42.58%        2.055s     228.378ms       0.000us         0.00%       2.428ms     269.778us             9  
                                   ConvolutionBackward0         0.00%      72.000us        42.58%        2.055s     228.356ms       0.000us         0.00%       2.428ms     269.778us             9  
                             aten::convolution_backward        28.12%        1.357s        42.58%        2.055s     228.348ms       2.253ms        41.17%       2.428ms     269.778us             9  
enumerate(DataLoader)#_SingleProcessDataLoaderIter._...         3.35%     161.866ms        30.75%        1.484s        1.484s       0.000us         0.00%       0.000us       0.000us             1  
                                      aten::convolution         0.00%     191.000us        24.63%        1.189s     132.111ms       0.000us         0.00%     593.000us      65.889us             9  
                                     aten::_convolution         0.36%      17.615ms        24.63%        1.189s     132.090ms       0.000us         0.00%     593.000us      65.889us             9  
                                       cudaLaunchKernel        22.54%        1.088s        22.54%        1.088s       3.247ms       0.000us         0.00%       0.000us       0.000us           335  
                                           aten::conv2d         0.00%      29.000us        17.65%     851.823ms     283.941ms       0.000us         0.00%     489.000us     163.000us             3  
                                aten::cudnn_convolution         1.69%      81.665ms        17.28%     834.007ms     278.002ms     347.000us         6.34%     347.000us     115.667us             3  
                                               cudaFree        14.42%     695.937ms        14.42%     695.937ms      86.992ms       0.000us         0.00%       0.000us       0.000us             8  
-------------------------------------------------------  ------------  ------------  ------------  ------------  ------------  ------------  ------------  ------------  ------------  ------------  
Self CPU time total: 4.827s
Self CUDA time total: 5.473ms

-------------------------------------------------------  ------------  ------------  ------------  ------------  ------------  ------------  ------------  ------------  ------------  ------------  
                                                   Name    Self CPU %      Self CPU   CPU total %     CPU total  CPU time avg     Self CUDA   Self CUDA %    CUDA total  CUDA time avg    # of Calls  
-------------------------------------------------------  ------------  ------------  ------------  ------------  ------------  ------------  ------------  ------------  ------------  ------------  
autograd::engine::evaluate_function: ConvolutionBack...         0.00%     195.000us        42.58%        2.055s     228.378ms       0.000us         0.00%       2.428ms     269.778us             9  
                                   ConvolutionBackward0         0.00%      72.000us        42.58%        2.055s     228.356ms       0.000us         0.00%       2.428ms     269.778us             9  
                             aten::convolution_backward        28.12%        1.357s        42.58%        2.055s     228.348ms       2.253ms        41.17%       2.428ms     269.778us             9  
                                         aten::_to_copy         0.07%       3.243ms         0.14%       6.784ms      18.139us       0.000us         0.00%       1.232ms       3.294us           374  
                                            aten::copy_         0.07%       3.605ms         0.11%       5.085ms      11.610us       1.232ms        22.51%       1.232ms       2.813us           438  
                       Memcpy HtoD (Pageable -> Device)         0.00%       0.000us         0.00%       0.000us       0.000us       1.232ms        22.51%       1.232ms     616.000us             2  
                                               aten::to         0.66%      31.998ms         0.80%      38.540ms      78.333us       0.000us         0.00%       1.231ms       2.502us           492  
void cudnn::detail::dgrad2d_alg1_1<float, 0, 5, 6, 4...         0.00%       0.000us         0.00%       0.000us       0.000us     764.000us        13.96%     764.000us     152.800us             5  
                                      aten::convolution         0.00%     191.000us        24.63%        1.189s     132.111ms       0.000us         0.00%     593.000us      65.889us             9  
                                     aten::_convolution         0.36%      17.615ms        24.63%        1.189s     132.090ms       0.000us         0.00%     593.000us      65.889us             9  
-------------------------------------------------------  ------------  ------------  ------------  ------------  ------------  ------------  ------------  ------------  ------------  ------------  
Self CPU time total: 4.827s
Self CUDA time total: 5.473ms

-------------------------------------------------------  ------------  ------------  ------------  ------------  ------------  ------------  ------------  ------------  ------------  ------------  ---------------------------------------------------------------------------  
                                                   Name    Self CPU %      Self CPU   CPU total %     CPU total  CPU time avg     Self CUDA   Self CUDA %    CUDA total  CUDA time avg    # of Calls  Source Location                                                              
-------------------------------------------------------  ------------  ------------  ------------  ------------  ------------  ------------  ------------  ------------  ------------  ------------  ---------------------------------------------------------------------------  
                                            aten::copy_         0.00%      34.000us         0.03%       1.478ms       1.478ms       1.231ms        22.49%       1.231ms       1.231ms             1  <built-in method to of Tensor object at 0x15198db234c0>                      
                                                                                                                                                                                                     /work/tc062/tc062/manishav/Diss/SSL/exp1.py(290): <module>                   
                                                                                                                                                                                                                                                                                  
                       Memcpy HtoD (Pageable -> Device)         0.00%       0.000us         0.00%       0.000us       0.000us       1.231ms        22.49%       1.231ms       1.231ms             1  <built-in method to of Tensor object at 0x15198db234c0>                      
                                                                                                                                                                                                     /work/tc062/tc062/manishav/Diss/SSL/exp1.py(290): <module>                   
                                                                                                                                                                                                                                                                                  
                             aten::convolution_backward         0.01%     394.000us         0.01%     502.000us     502.000us     941.000us        17.19%     962.000us     962.000us             1  <built-in method conv2d of type object at 0x151a4f595460>                    
                                                                                                                                                                                                     torch/nn/modules/conv.py(454): _conv_forward                                 
                                                                                                                                                                                                     torch/nn/modules/conv.py(462): forward                                       
                                                                                                                                                                                                     nn.Module: Conv2d_2                                                          
                                                                                                                                                                                                     torch/nn/modules/container.py(202): forward                                  
                                                                                                                                                                                                                                                                                  
                             aten::convolution_backward         0.01%     258.000us         0.01%     344.000us     344.000us     820.000us        14.98%     872.000us     872.000us             1  <built-in method conv2d of type object at 0x151a4f595460>                    
                                                                                                                                                                                                     torch/nn/modules/conv.py(454): _conv_forward                                 
                                                                                                                                                                                                     torch/nn/modules/conv.py(462): forward                                       
                                                                                                                                                                                                     nn.Module: Conv2d_1                                                          
                                                                                                                                                                                                     torch/nn/modules/container.py(202): forward                                  
                                                                                                                                                                                                                                                                                  
void cudnn::detail::dgrad2d_alg1_1<float, 0, 5, 6, 4...         0.00%       0.000us         0.00%       0.000us       0.000us     721.000us        13.17%     721.000us     721.000us             1  ...in method run_backward of torch._C._EngineBase object at 0x151a723ef340>  
                                                                                                                                                                                                     torch/_tensor.py(429): backward                                              
                                                                                                                                                                                                     /work/tc062/tc062/manishav/Diss/SSL/exp1.py(290): <module>                   
                                                                                                                                                                                                                                                                                  
-------------------------------------------------------  ------------  ------------  ------------  ------------  ------------  ------------  ------------  ------------  ------------  ------------  ---------------------------------------------------------------------------  
Self CPU time total: 4.827s
Self CUDA time total: 5.473ms

